<?xml version="1.0" encoding="UTF-8"?>
<testng-results skipped="2" failed="0" ignored="0" total="2" passed="0">
  <reporter-output>
  </reporter-output>
  <suite name="Default suite" duration-ms="40" started-at="2018-07-28T01:51:51Z" finished-at="2018-07-28T01:51:51Z">
    <groups>
    </groups>
    <test name="Default test" duration-ms="40" started-at="2018-07-28T01:51:51Z" finished-at="2018-07-28T01:51:51Z">
      <class name="com.selenium.pageObject.test.TestIndexPage">
        <test-method status="FAIL" signature="BeforeSuite()[pri:0, instance:com.selenium.pageObject.test.TestIndexPage@4d3167f4]" name="BeforeSuite" is-config="true" duration-ms="18" started-at="2018-07-28T01:51:51Z" finished-at="2018-07-28T01:51:51Z">
          <exception class="java.lang.IllegalStateException">
            <message>
              <![CDATA[The driver executable does not exist: D:\Selenium\Selenium_Java\20180722\Selenium-Java\SeleniumJavaDay2\ieDriverPath]]>
            </message>
            <full-stacktrace>
              <![CDATA[java.lang.IllegalStateException: The driver executable does not exist: D:\Selenium\Selenium_Java\20180722\Selenium-Java\SeleniumJavaDay2\ieDriverPath
at com.google.common.base.Preconditions.checkState(Preconditions.java:585)
at org.openqa.selenium.remote.service.DriverService.checkExecutable(DriverService.java:137)
at org.openqa.selenium.remote.service.DriverService$Builder.usingDriverExecutable(DriverService.java:272)
at com.utils.DriverUtils2.initService(DriverUtils2.java:44)
at com.utils.TestBase.BeforeSuite(TestBase.java:14)
at sun.reflect.NativeMethodAccessorImpl.invoke0(Native Method)
at sun.reflect.NativeMethodAccessorImpl.invoke(Unknown Source)
at sun.reflect.DelegatingMethodAccessorImpl.invoke(Unknown Source)
at java.lang.reflect.Method.invoke(Unknown Source)
at org.testng.internal.MethodInvocationHelper.invokeMethod(MethodInvocationHelper.java:124)
at org.testng.internal.MethodInvocationHelper.invokeMethodConsideringTimeout(MethodInvocationHelper.java:59)
at org.testng.internal.Invoker.invokeConfigurationMethod(Invoker.java:458)
at org.testng.internal.Invoker.invokeConfigurations(Invoker.java:222)
at org.testng.internal.Invoker.invokeConfigurations(Invoker.java:142)
at org.testng.SuiteRunner.privateRun(SuiteRunner.java:401)
at org.testng.SuiteRunner.run(SuiteRunner.java:364)
at org.testng.SuiteRunnerWorker.runSuite(SuiteRunnerWorker.java:52)
at org.testng.SuiteRunnerWorker.run(SuiteRunnerWorker.java:84)
at org.testng.TestNG.runSuitesSequentially(TestNG.java:1208)
at org.testng.TestNG.runSuitesLocally(TestNG.java:1137)
at org.testng.TestNG.runSuites(TestNG.java:1049)
at org.testng.TestNG.run(TestNG.java:1017)
at org.testng.remote.AbstractRemoteTestNG.run(AbstractRemoteTestNG.java:114)
at org.testng.remote.RemoteTestNG.initAndRun(RemoteTestNG.java:251)
at org.testng.remote.RemoteTestNG.main(RemoteTestNG.java:77)
]]>
            </full-stacktrace>
          </exception> <!-- java.lang.IllegalStateException -->
          <reporter-output>
          </reporter-output>
        </test-method> <!-- BeforeSuite -->
        <test-method status="SKIP" signature="beforeMethod()[pri:0, instance:com.selenium.pageObject.test.TestIndexPage@4d3167f4]" name="beforeMethod" is-config="true" duration-ms="0" started-at="2018-07-28T01:51:51Z" finished-at="2018-07-28T01:51:51Z">
          <reporter-output>
          </reporter-output>
        </test-method> <!-- beforeMethod -->
        <test-method status="SKIP" signature="test(java.lang.String, java.lang.String, java.lang.String)[pri:0, instance:com.selenium.pageObject.test.TestIndexPage@4d3167f4]" name="test" duration-ms="0" started-at="2018-07-28T01:51:51Z" data-provider="loginData" finished-at="2018-07-28T01:51:51Z">
          <exception class="java.lang.IllegalStateException">
            <message>
              <![CDATA[The driver executable does not exist: D:\Selenium\Selenium_Java\20180722\Selenium-Java\SeleniumJavaDay2\ieDriverPath]]>
            </message>
            <full-stacktrace>
              <![CDATA[java.lang.IllegalStateException: The driver executable does not exist: D:\Selenium\Selenium_Java\20180722\Selenium-Java\SeleniumJavaDay2\ieDriverPath
at com.google.common.base.Preconditions.checkState(Preconditions.java:585)
at org.openqa.selenium.remote.service.DriverService.checkExecutable(DriverService.java:137)
at org.openqa.selenium.remote.service.DriverService$Builder.usingDriverExecutable(DriverService.java:272)
at com.utils.DriverUtils2.initService(DriverUtils2.java:44)
at com.utils.TestBase.BeforeSuite(TestBase.java:14)
at sun.reflect.NativeMethodAccessorImpl.invoke0(Native Method)
at sun.reflect.NativeMethodAccessorImpl.invoke(Unknown Source)
at sun.reflect.DelegatingMethodAccessorImpl.invoke(Unknown Source)
at java.lang.reflect.Method.invoke(Unknown Source)
at org.testng.internal.MethodInvocationHelper.invokeMethod(MethodInvocationHelper.java:124)
at org.testng.internal.MethodInvocationHelper.invokeMethodConsideringTimeout(MethodInvocationHelper.java:59)
at org.testng.internal.Invoker.invokeConfigurationMethod(Invoker.java:458)
at org.testng.internal.Invoker.invokeConfigurations(Invoker.java:222)
at org.testng.internal.Invoker.invokeConfigurations(Invoker.java:142)
at org.testng.SuiteRunner.privateRun(SuiteRunner.java:401)
at org.testng.SuiteRunner.run(SuiteRunner.java:364)
at org.testng.SuiteRunnerWorker.runSuite(SuiteRunnerWorker.java:52)
at org.testng.SuiteRunnerWorker.run(SuiteRunnerWorker.java:84)
at org.testng.TestNG.runSuitesSequentially(TestNG.java:1208)
at org.testng.TestNG.runSuitesLocally(TestNG.java:1137)
at org.testng.TestNG.runSuites(TestNG.java:1049)
at org.testng.TestNG.run(TestNG.java:1017)
at org.testng.remote.AbstractRemoteTestNG.run(AbstractRemoteTestNG.java:114)
at org.testng.remote.RemoteTestNG.initAndRun(RemoteTestNG.java:251)
at org.testng.remote.RemoteTestNG.main(RemoteTestNG.java:77)
]]>
            </full-stacktrace>
          </exception> <!-- java.lang.IllegalStateException -->
          <reporter-output>
          </reporter-output>
        </test-method> <!-- test -->
        <test-method status="SKIP" signature="AfterMethod()[pri:0, instance:com.selenium.pageObject.test.TestIndexPage@4d3167f4]" name="AfterMethod" is-config="true" duration-ms="0" started-at="2018-07-28T01:51:51Z" finished-at="2018-07-28T01:51:51Z">
          <reporter-output>
          </reporter-output>
        </test-method> <!-- AfterMethod -->
        <test-method status="SKIP" signature="beforeMethod()[pri:0, instance:com.selenium.pageObject.test.TestIndexPage@4d3167f4]" name="beforeMethod" is-config="true" duration-ms="0" started-at="2018-07-28T01:51:51Z" finished-at="2018-07-28T01:51:51Z">
          <reporter-output>
          </reporter-output>
        </test-method> <!-- beforeMethod -->
        <test-method status="SKIP" signature="test(java.lang.String, java.lang.String, java.lang.String)[pri:0, instance:com.selenium.pageObject.test.TestIndexPage@4d3167f4]" name="test" duration-ms="0" started-at="2018-07-28T01:51:51Z" data-provider="loginData" finished-at="2018-07-28T01:51:51Z">
          <exception class="java.lang.IllegalStateException">
            <message>
              <![CDATA[The driver executable does not exist: D:\Selenium\Selenium_Java\20180722\Selenium-Java\SeleniumJavaDay2\ieDriverPath]]>
            </message>
            <full-stacktrace>
              <![CDATA[java.lang.IllegalStateException: The driver executable does not exist: D:\Selenium\Selenium_Java\20180722\Selenium-Java\SeleniumJavaDay2\ieDriverPath
at com.google.common.base.Preconditions.checkState(Preconditions.java:585)
at org.openqa.selenium.remote.service.DriverService.checkExecutable(DriverService.java:137)
at org.openqa.selenium.remote.service.DriverService$Builder.usingDriverExecutable(DriverService.java:272)
at com.utils.DriverUtils2.initService(DriverUtils2.java:44)
at com.utils.TestBase.BeforeSuite(TestBase.java:14)
at sun.reflect.NativeMethodAccessorImpl.invoke0(Native Method)
at sun.reflect.NativeMethodAccessorImpl.invoke(Unknown Source)
at sun.reflect.DelegatingMethodAccessorImpl.invoke(Unknown Source)
at java.lang.reflect.Method.invoke(Unknown Source)
at org.testng.internal.MethodInvocationHelper.invokeMethod(MethodInvocationHelper.java:124)
at org.testng.internal.MethodInvocationHelper.invokeMethodConsideringTimeout(MethodInvocationHelper.java:59)
at org.testng.internal.Invoker.invokeConfigurationMethod(Invoker.java:458)
at org.testng.internal.Invoker.invokeConfigurations(Invoker.java:222)
at org.testng.internal.Invoker.invokeConfigurations(Invoker.java:142)
at org.testng.SuiteRunner.privateRun(SuiteRunner.java:401)
at org.testng.SuiteRunner.run(SuiteRunner.java:364)
at org.testng.SuiteRunnerWorker.runSuite(SuiteRunnerWorker.java:52)
at org.testng.SuiteRunnerWorker.run(SuiteRunnerWorker.java:84)
at org.testng.TestNG.runSuitesSequentially(TestNG.java:1208)
at org.testng.TestNG.runSuitesLocally(TestNG.java:1137)
at org.testng.TestNG.runSuites(TestNG.java:1049)
at org.testng.TestNG.run(TestNG.java:1017)
at org.testng.remote.AbstractRemoteTestNG.run(AbstractRemoteTestNG.java:114)
at org.testng.remote.RemoteTestNG.initAndRun(RemoteTestNG.java:251)
at org.testng.remote.RemoteTestNG.main(RemoteTestNG.java:77)
]]>
            </full-stacktrace>
          </exception> <!-- java.lang.IllegalStateException -->
          <reporter-output>
          </reporter-output>
        </test-method> <!-- test -->
        <test-method status="SKIP" signature="AfterMethod()[pri:0, instance:com.selenium.pageObject.test.TestIndexPage@4d3167f4]" name="AfterMethod" is-config="true" duration-ms="0" started-at="2018-07-28T01:51:51Z" finished-at="2018-07-28T01:51:51Z">
          <reporter-output>
          </reporter-output>
        </test-method> <!-- AfterMethod -->
        <test-method status="SKIP" signature="AfterSuite()[pri:0, instance:com.selenium.pageObject.test.TestIndexPage@4d3167f4]" name="AfterSuite" is-config="true" duration-ms="0" started-at="2018-07-28T01:51:51Z" finished-at="2018-07-28T01:51:51Z">
          <reporter-output>
          </reporter-output>
        </test-method> <!-- AfterSuite -->
      </class> <!-- com.selenium.pageObject.test.TestIndexPage -->
    </test> <!-- Default test -->
  </suite> <!-- Default suite -->
</testng-results>
